<?xml version="1.0" encoding="UTF-8"?>
<!-- Generated by org.testng.reporters.JUnitReportReporter -->
<testsuite hostname="INBook_X1" failures="0" tests="2" name="tests.LoginTest" time="0.005" errors="0" timestamp="2025-04-04T22:43:54 IST" skipped="0">
  <testcase classname="tests.LoginTest" name="loginTest" time="0.002"/>
  <testcase classname="tests.LoginTest" name="loginTest" time="0.003"/>
</testsuite> <!-- tests.LoginTest -->
