<?xml version="1.0" encoding="UTF-8"?>
<!-- Generated by org.testng.reporters.JUnitReportReporter -->
<testsuite hostname="INBook_X1" failures="0" tests="1" name="com.amazon.tests.AddToCartTest" time="0.009" errors="0" timestamp="2025-04-04T21:20:47 IST" skipped="0">
  <testcase classname="com.amazon.tests.AddToCartTest" name="addProductToCart" time="0.009"/>
</testsuite> <!-- com.amazon.tests.AddToCartTest -->
